[debug] [2021-05-01T07:34:26.578Z] ----------------------------------------------------------------------
[debug] [2021-05-01T07:34:26.580Z] Command:       /usr/bin/node /usr/local/bin/firebase deploy
[debug] [2021-05-01T07:34:26.580Z] CLI Version:   9.10.0
[debug] [2021-05-01T07:34:26.580Z] Platform:      linux
[debug] [2021-05-01T07:34:26.581Z] Node Version:  v10.19.0
[debug] [2021-05-01T07:34:26.581Z] Time:          Sat May 01 2021 13:04:26 GMT+0530 (India Standard Time)
[debug] [2021-05-01T07:34:26.581Z] ----------------------------------------------------------------------
[debug] 
[debug] [2021-05-01T07:34:26.586Z] > command requires scopes: ["email","openid","https://www.googleapis.com/auth/cloudplatformprojects.readonly","https://www.googleapis.com/auth/firebase","https://www.googleapis.com/auth/cloud-platform"]
[debug] [2021-05-01T07:34:26.587Z] > authorizing via signed-in user (prajwalprakash3722@gmail.com)
[debug] [2021-05-01T07:34:26.587Z] [iam] checking project to-do-app-5bc9c for permissions ["firebase.projects.get","firebasehosting.sites.update"]
[debug] [2021-05-01T07:34:26.588Z] >>> HTTP REQUEST POST https://cloudresourcemanager.googleapis.com/v1/projects/to-do-app-5bc9c:testIamPermissions  
 {"permissions":["firebase.projects.get","firebasehosting.sites.update"]}
[debug] [2021-05-01T07:34:27.901Z] <<< HTTP RESPONSE 200 {"content-type":"application/json; charset=UTF-8","vary":"X-Origin, Referer, Origin,Accept-Encoding","date":"Sat, 01 May 2021 07:34:27 GMT","server":"ESF","cache-control":"private","x-xss-protection":"0","x-frame-options":"SAMEORIGIN","x-content-type-options":"nosniff","server-timing":"gfet4t7; dur=1167","alt-svc":"h3-29=\":443\"; ma=2592000,h3-T051=\":443\"; ma=2592000,h3-Q050=\":443\"; ma=2592000,h3-Q046=\":443\"; ma=2592000,h3-Q043=\":443\"; ma=2592000,quic=\":443\"; ma=2592000; v=\"46,43\"","accept-ranges":"none","transfer-encoding":"chunked"}
[debug] [2021-05-01T07:34:27.903Z] > refreshing access token with scopes: []
[debug] [2021-05-01T07:34:27.903Z] >>> HTTP REQUEST POST https://www.googleapis.com/oauth2/v3/token  
 <request body omitted>
[debug] [2021-05-01T07:34:28.071Z] <<< HTTP RESPONSE 200 {"cache-control":"no-cache, no-store, max-age=0, must-revalidate","expires":"Mon, 01 Jan 1990 00:00:00 GMT","pragma":"no-cache","date":"Sat, 01 May 2021 07:34:28 GMT","content-type":"application/json; charset=utf-8","vary":"X-Origin, Referer, Origin,Accept-Encoding","server":"scaffolding on HTTPServer2","x-xss-protection":"0","x-frame-options":"SAMEORIGIN","x-content-type-options":"nosniff","alt-svc":"h3-29=\":443\"; ma=2592000,h3-T051=\":443\"; ma=2592000,h3-Q050=\":443\"; ma=2592000,h3-Q046=\":443\"; ma=2592000,h3-Q043=\":443\"; ma=2592000,quic=\":443\"; ma=2592000; v=\"46,43\"","accept-ranges":"none","transfer-encoding":"chunked"}
[debug] [2021-05-01T07:34:28.089Z] >>> [apiv2][query] GET https://firebase.googleapis.com/v1beta1/projects/to-do-app-5bc9c [none]
[debug] [2021-05-01T07:34:28.370Z] <<< [apiv2][status] GET https://firebase.googleapis.com/v1beta1/projects/to-do-app-5bc9c 200
[debug] [2021-05-01T07:34:28.370Z] <<< [apiv2][body] GET https://firebase.googleapis.com/v1beta1/projects/to-do-app-5bc9c {"projectId":"to-do-app-5bc9c","projectNumber":"493146048822","displayName":"to-do-app","name":"projects/to-do-app-5bc9c","resources":{"hostingSite":"to-do-app-5bc9c","realtimeDatabaseInstance":"to-do-app-5bc9c-default-rtdb","storageBucket":"to-do-app-5bc9c.appspot.com","locationId":"us-central"},"state":"ACTIVE"}
[info] 
[info] === Deploying to 'to-do-app-5bc9c'...
[info] 
[info] i  deploying hosting 
[debug] [2021-05-01T07:34:28.382Z] > refreshing access token with scopes: ["email","https://www.googleapis.com/auth/cloud-platform","https://www.googleapis.com/auth/cloudplatformprojects.readonly","https://www.googleapis.com/auth/firebase","openid"]
[debug] [2021-05-01T07:34:28.382Z] >>> HTTP REQUEST POST https://www.googleapis.com/oauth2/v3/token  
 <request body omitted>
[debug] [2021-05-01T07:34:28.510Z] <<< HTTP RESPONSE 200 {"cache-control":"no-cache, no-store, max-age=0, must-revalidate","date":"Sat, 01 May 2021 07:34:28 GMT","pragma":"no-cache","expires":"Mon, 01 Jan 1990 00:00:00 GMT","content-type":"application/json; charset=utf-8","vary":"X-Origin, Referer, Origin,Accept-Encoding","server":"scaffolding on HTTPServer2","x-xss-protection":"0","x-frame-options":"SAMEORIGIN","x-content-type-options":"nosniff","alt-svc":"h3-29=\":443\"; ma=2592000,h3-T051=\":443\"; ma=2592000,h3-Q050=\":443\"; ma=2592000,h3-Q046=\":443\"; ma=2592000,h3-Q043=\":443\"; ma=2592000,quic=\":443\"; ma=2592000; v=\"46,43\"","accept-ranges":"none","transfer-encoding":"chunked"}
[debug] [2021-05-01T07:34:28.517Z] >>> HTTP REQUEST POST https://firebasehosting.googleapis.com/v1beta1/sites/to-do-app-5bc9c/versions  
 {"config":{"rewrites":[{"glob":"**","path":"/index.html"}]},"labels":{"deployment-tool":"cli-firebase"}}
[debug] [2021-05-01T07:34:30.357Z] <<< HTTP RESPONSE 200 {"content-type":"application/json; charset=UTF-8","vary":"X-Origin, Referer, Origin,Accept-Encoding","date":"Sat, 01 May 2021 07:34:30 GMT","server":"ESF","cache-control":"private","x-xss-protection":"0","x-frame-options":"SAMEORIGIN","x-content-type-options":"nosniff","alt-svc":"h3-29=\":443\"; ma=2592000,h3-T051=\":443\"; ma=2592000,h3-Q050=\":443\"; ma=2592000,h3-Q046=\":443\"; ma=2592000,h3-Q043=\":443\"; ma=2592000,quic=\":443\"; ma=2592000; v=\"46,43\"","accept-ranges":"none","transfer-encoding":"chunked"}
[info] i  hosting[to-do-app-5bc9c]: beginning deploy... 
[info] i  hosting[to-do-app-5bc9c]: found 20 files in build 
